<?xml version="1.0" encoding="UTF-8"?>
<testng-results ignored="0" total="3" passed="3" failed="0" skipped="0">
  <reporter-output>
  </reporter-output>
  <suite started-at="2023-03-01T18:42:37 IST" name="Cross-Platform" finished-at="2023-03-01T18:43:00 IST" duration-ms="23268">
    <groups>
    </groups>
    <test started-at="2023-03-01T18:42:37 IST" name="BStackDemo-1" finished-at="2023-03-01T18:42:56 IST" duration-ms="18874">
      <class name="com.browserstack.BStackDemoTest">
        <test-method is-config="true" signature="setUp()[pri:0, instance:com.browserstack.BStackDemoTest@3e6fd0b9]" started-at="2023-03-01T18:42:37 IST" name="setUp" finished-at="2023-03-01T18:42:46 IST" duration-ms="9326" status="PASS">
          <reporter-output>
          </reporter-output>
        </test-method> <!-- setUp -->
        <test-method signature="addProductToCart()[pri:0, instance:com.browserstack.BStackDemoTest@3e6fd0b9]" started-at="2023-03-01T18:42:46 IST" name="addProductToCart" finished-at="2023-03-01T18:42:53 IST" duration-ms="6870" status="PASS">
          <reporter-output>
          </reporter-output>
        </test-method> <!-- addProductToCart -->
        <test-method is-config="true" signature="tearDown()[pri:0, instance:com.browserstack.BStackDemoTest@3e6fd0b9]" started-at="2023-03-01T18:42:53 IST" name="tearDown" finished-at="2023-03-01T18:42:56 IST" duration-ms="2582" status="PASS">
          <reporter-output>
          </reporter-output>
        </test-method> <!-- tearDown -->
      </class> <!-- com.browserstack.BStackDemoTest -->
    </test> <!-- BStackDemo-1 -->
    <test started-at="2023-03-01T18:42:37 IST" name="BStackDemo-2" finished-at="2023-03-01T18:42:57 IST" duration-ms="20099">
      <class name="com.browserstack.BStackDemoTest">
        <test-method is-config="true" signature="setUp()[pri:0, instance:com.browserstack.BStackDemoTest@36074e47]" started-at="2023-03-01T18:42:37 IST" name="setUp" finished-at="2023-03-01T18:42:49 IST" duration-ms="12405" status="PASS">
          <reporter-output>
          </reporter-output>
        </test-method> <!-- setUp -->
        <test-method signature="addProductToCart()[pri:0, instance:com.browserstack.BStackDemoTest@36074e47]" started-at="2023-03-01T18:42:49 IST" name="addProductToCart" finished-at="2023-03-01T18:42:54 IST" duration-ms="4699" status="PASS">
          <reporter-output>
          </reporter-output>
        </test-method> <!-- addProductToCart -->
        <test-method is-config="true" signature="tearDown()[pri:0, instance:com.browserstack.BStackDemoTest@36074e47]" started-at="2023-03-01T18:42:54 IST" name="tearDown" finished-at="2023-03-01T18:42:57 IST" duration-ms="2932" status="PASS">
          <reporter-output>
          </reporter-output>
        </test-method> <!-- tearDown -->
      </class> <!-- com.browserstack.BStackDemoTest -->
    </test> <!-- BStackDemo-2 -->
    <test started-at="2023-03-01T18:42:37 IST" name="BStackDemo-0" finished-at="2023-03-01T18:43:00 IST" duration-ms="23268">
      <class name="com.browserstack.BStackDemoTest">
        <test-method is-config="true" signature="setUp()[pri:0, instance:com.browserstack.BStackDemoTest@3ae66c85]" started-at="2023-03-01T18:42:37 IST" name="setUp" finished-at="2023-03-01T18:42:49 IST" duration-ms="12316" status="PASS">
          <reporter-output>
          </reporter-output>
        </test-method> <!-- setUp -->
        <test-method signature="addProductToCart()[pri:0, instance:com.browserstack.BStackDemoTest@3ae66c85]" started-at="2023-03-01T18:42:49 IST" name="addProductToCart" finished-at="2023-03-01T18:42:57 IST" duration-ms="7760" status="PASS">
          <reporter-output>
          </reporter-output>
        </test-method> <!-- addProductToCart -->
        <test-method is-config="true" signature="tearDown()[pri:0, instance:com.browserstack.BStackDemoTest@3ae66c85]" started-at="2023-03-01T18:42:57 IST" name="tearDown" finished-at="2023-03-01T18:43:00 IST" duration-ms="3126" status="PASS">
          <reporter-output>
          </reporter-output>
        </test-method> <!-- tearDown -->
      </class> <!-- com.browserstack.BStackDemoTest -->
    </test> <!-- BStackDemo-0 -->
  </suite> <!-- Cross-Platform -->
</testng-results>
